{
  "stats": {
    "suites": 1,
    "tests": 6,
    "passes": 6,
    "pending": 0,
    "failures": 0,
    "start": "2021-04-28T22:36:07.256Z",
    "end": "2021-04-28T22:39:02.846Z",
    "duration": 175590,
    "testsRegistered": 6,
    "passPercent": 100,
    "pendingPercent": 0,
    "other": 0,
    "hasOther": false,
    "skipped": 0,
    "hasSkipped": false
  },
  "results": [
    {
      "uuid": "84818efb-1f7f-4e54-abe2-d268aad3c66c",
      "title": "",
      "fullFile": "cypress/integration/testsuite-spec.js",
      "file": "cypress/integration/testsuite-spec.js",
      "beforeHooks": [],
      "afterHooks": [],
      "tests": [],
      "suites": [
        {
          "uuid": "8e0c0921-0a0a-4aad-8430-4b7bf673d9d8",
          "title": "Testsuite with PO",
          "fullFile": "",
          "file": "",
          "beforeHooks": [],
          "afterHooks": [],
          "tests": [
            {
              "title": "Invalid login",
              "fullTitle": "Testsuite with PO Invalid login",
              "timedOut": null,
              "duration": 25247,
              "state": "passed",
              "speed": "slow",
              "pass": true,
              "fail": false,
              "pending": false,
              "context": null,
              "code": "dashboardPage.doLogout(); // needs to log out first before doing the invalid login attempt because login is happening in beforeEach\ncy.log(\"Logout performed\");\nloginPage.confirmTheHeader(\"Login\");\ncy.log(\"Header Login confirmed\");\nloginPage.doInvalidLogin(\"aaa\", \"aaa\");\ncy.log(\"Invalid login performed\");\nloginPage.confirmTheHeader(\"Login\");\ncy.log(\"Header Login confirmed\");\ncy.wait(1000).percySnapshot('SCREENSHOT_invalid_login');",
              "err": {},
              "uuid": "f43f5d8f-43bd-4129-be44-5824219d2b3e",
              "parentUUID": "8e0c0921-0a0a-4aad-8430-4b7bf673d9d8",
              "isHook": false,
              "skipped": false
            },
            {
              "title": "Valid login and logout",
              "fullTitle": "Testsuite with PO Valid login and logout",
              "timedOut": null,
              "duration": 28231,
              "state": "passed",
              "speed": "slow",
              "pass": true,
              "fail": false,
              "pending": false,
              "context": null,
              "code": "dashboardPage.doLogout(); // needs to logout first because login is happening in beforeEach\ncy.log(\"logout performed\");\nloginPage.confirmTheHeader(\"Login\");\ncy.log(\"Header Login confirmed\");\nloginPage.doLogin(targets.username, targets.password, \"Tester Hotel Overview\");\ncy.log(\"Valid login performed, header confirmed\");\ndashboardPage.doLogout();\ncy.log(\"Valid logout performed\");\nloginPage.confirmTheHeader(\"Login\");\ncy.log(\"Header Login confirmed\");",
              "err": {},
              "uuid": "9f14d073-f758-4731-b4d2-1e61b5bea06a",
              "parentUUID": "8e0c0921-0a0a-4aad-8430-4b7bf673d9d8",
              "isHook": false,
              "skipped": false
            },
            {
              "title": "Navigate to the 4 main pages and verify",
              "fullTitle": "Testsuite with PO Navigate to the 4 main pages and verify",
              "timedOut": null,
              "duration": 36831,
              "state": "passed",
              "speed": "slow",
              "pass": true,
              "fail": false,
              "pending": false,
              "context": null,
              "code": "//navigate to Rooms page and then go back to dashboard\ndashboardPage.viewRooms(\"Rooms\");\ncy.log(\"View rooms button was clicked, content confirmed\");\nroomsPage.goBackToDashboard(\"Tester Hotel Overview\");\ncy.log(\"Back button was clicked, content confirmed\");\ncy.wait(1000).percySnapshot('SCREENSHOT_navigate_to_rooms_page'); //navigate to Clients page and then go back to dashboard\ndashboardPage.viewClients(\"Clients\");\ncy.log(\"View clients button was clicked, content confirmed\");\nclientsPage.goBackToDashboard(\"Tester Hotel Overview\");\ncy.log(\"Back button was clicked, content confirmed\"); //navigate to Bills page and then go back to dashboard\ndashboardPage.viewBills(\"Bills\");\ncy.log(\"View bills button was clicked, content confirmed\");\nbillsPage.goBackToDashboard(\"Tester Hotel Overview\");\ncy.log(\"Back button was clicked, content confirmed\"); //navigate to Reservations page and then go back to dashboard\ndashboardPage.viewReservations(\"Reservations\");\ncy.log(\"View reservations button was clicked, content confirmed\");\nreservationsPage.goBackToDashboard(\"Tester Hotel Overview\");\ncy.log(\"Back button was clicked, content confirmed\");",
              "err": {},
              "uuid": "bdf268ba-38a5-42ff-8bb4-aacb493b0df7",
              "parentUUID": "8e0c0921-0a0a-4aad-8430-4b7bf673d9d8",
              "isHook": false,
              "skipped": false
            },
            {
              "title": "View, create, delete rooms and verify",
              "fullTitle": "Testsuite with PO View, create, delete rooms and verify",
              "timedOut": null,
              "duration": 27459,
              "state": "passed",
              "speed": "slow",
              "pass": true,
              "fail": false,
              "pending": false,
              "context": null,
              "code": "dashboardPage.viewRooms(\"Rooms\");\ncy.log(\"View rooms button was clicked, content confirmed\");\ncy.wait(1000).percySnapshot('SCREENSHOT_view_rooms');\nroomsPage.viewRoomNew(\"New Room\");\ncy.log(\"Create Room button was clicked, content confirmed\");\nroomNewPage.createRoom(CREATE_ROOM_CATEGORY, CREATE_ROOM_NUMBER, CREATE_ROOM_FLOOR, CREATE_ROOM_PRICE, CREATE_ROOM_FEATURES, CREATE_ROOM_CONFIRMATIONCONTENT); //parameters: category, number, floor, price, features, confirmationContent\ncy.log(\"Save button was clicked, content confirmed\");\nroomsPage.verifyLastRoom(VERIFY_LAST_ROOM_CATEGORY, VERIFY_LAST_ROOM_NUMBER, VERIFY_LAST_ROOM_FLOOR, VERIFY_LAST_ROOM_PRICE, VERIFY_LAST_ROOM_FEATURES);\ncy.log(\"Veryfying last room created\");\nroomsPage.removeLastRoom();\ncy.log(\"Removed last room from the list\");\nroomsPage.goBackToDashboard(\"Tester Hotel Overview\");\ncy.log(\"Back button was clicked, content confirmed\");",
              "err": {},
              "uuid": "62c36937-5c64-4dcd-8f59-44a9f4be90e9",
              "parentUUID": "8e0c0921-0a0a-4aad-8430-4b7bf673d9d8",
              "isHook": false,
              "skipped": false
            },
            {
              "title": "View, create, delete clients and verify",
              "fullTitle": "Testsuite with PO View, create, delete clients and verify",
              "timedOut": null,
              "duration": 30112,
              "state": "passed",
              "speed": "slow",
              "pass": true,
              "fail": false,
              "pending": false,
              "context": null,
              "code": "dashboardPage.viewClients(\"Clients\");\ncy.log(\"View clients button was clicked, content confirmed\");\nclientsPage.viewClientNew(\"New Client\");\ncy.log(\"Create Client button was clicked, content confirmed\");\nclientNewPage.createClient(\"tester123\", \"tester123@mail.com\", \"0700000000\", \"Clients\");\ncy.log(\"Save button was clicked, content confirmed\");\nclientsPage.verifyLastClient(\"tester123\", \"tester123@mail.com\", \"0700000000\");\ncy.log(\"Veryfying last client created\");\nclientsPage.removeLastClient();\ncy.log(\"Removed last client from the list\");\nclientsPage.goBackToDashboard(\"Tester Hotel Overview\");\ncy.log(\"Back button was clicked, content confirmed\");",
              "err": {},
              "uuid": "08f86d9b-8656-4770-a62d-dd68a4fb33e9",
              "parentUUID": "8e0c0921-0a0a-4aad-8430-4b7bf673d9d8",
              "isHook": false,
              "skipped": false
            },
            {
              "title": "View, create, delete bills and verify",
              "fullTitle": "Testsuite with PO View, create, delete bills and verify",
              "timedOut": null,
              "duration": 16893,
              "state": "passed",
              "speed": "slow",
              "pass": true,
              "fail": false,
              "pending": false,
              "context": null,
              "code": "dashboardPage.viewBills(\"Bills\");\ncy.log(\"View bills button was clicked, content confirmed\");\nbillsPage.viewBillNew(\"New Bill\");\ncy.log(\"Create Bill button was clicked, content confirmed\");\nbillNewPage.createBill(\"100\", \"Bills\");\ncy.log(\"Save button was clicked, content confirmed\");\nbillsPage.verifyLastBill(\"100\");\ncy.log(\"Veryfying last bill created\");\nbillsPage.removeLastBill();\ncy.log(\"Removed last bill from the list\");\nbillsPage.goBackToDashboard(\"Tester Hotel Overview\");\ncy.log(\"Back button was clicked, content confirmed\");",
              "err": {},
              "uuid": "44c8041b-fb92-4087-a097-11c14f1ed318",
              "parentUUID": "8e0c0921-0a0a-4aad-8430-4b7bf673d9d8",
              "isHook": false,
              "skipped": false
            }
          ],
          "suites": [],
          "passes": [
            "f43f5d8f-43bd-4129-be44-5824219d2b3e",
            "9f14d073-f758-4731-b4d2-1e61b5bea06a",
            "bdf268ba-38a5-42ff-8bb4-aacb493b0df7",
            "62c36937-5c64-4dcd-8f59-44a9f4be90e9",
            "08f86d9b-8656-4770-a62d-dd68a4fb33e9",
            "44c8041b-fb92-4087-a097-11c14f1ed318"
          ],
          "failures": [],
          "pending": [],
          "skipped": [],
          "duration": 164773,
          "root": false,
          "rootEmpty": false,
          "_timeout": 2000
        }
      ],
      "passes": [],
      "failures": [],
      "pending": [],
      "skipped": [],
      "duration": 0,
      "root": true,
      "rootEmpty": true,
      "_timeout": 2000
    }
  ],
  "meta": {
    "mocha": {
      "version": "7.0.1"
    },
    "mochawesome": {
      "options": {
        "quiet": false,
        "reportFilename": "mochawesome",
        "saveHtml": true,
        "saveJson": true,
        "consoleReporter": "spec",
        "useInlineDiffs": false,
        "code": true
      },
      "version": "6.2.2"
    },
    "marge": {
      "options": {
        "reportDir": "cypress/report/mochawesome-report",
        "overwrite": false,
        "html": true,
        "json": true,
        "timestamp": "mmddyyyy_HHMMss"
      },
      "version": "5.2.0"
    }
  }
}