{
  "stats": {
    "suites": 1,
    "tests": 4,
    "passes": 2,
    "pending": 0,
    "failures": 2,
    "start": "2021-04-28T20:00:56.163Z",
    "end": "2021-04-28T20:06:10.830Z",
    "duration": 314667,
    "testsRegistered": 6,
    "passPercent": 33.33333333333333,
    "pendingPercent": 0,
    "other": 0,
    "hasOther": false,
    "skipped": 2,
    "hasSkipped": true
  },
  "results": [
    {
      "uuid": "395dad49-b0b6-4a0a-9fd7-d0b7cbc7fb19",
      "title": "",
      "fullFile": "cypress/integration/testsuite.spec.js",
      "file": "cypress/integration/testsuite.spec.js",
      "beforeHooks": [],
      "afterHooks": [],
      "tests": [],
      "suites": [
        {
          "uuid": "74b9cf67-0551-4236-aa5c-8dbfde133d6c",
          "title": "Testsuite with PO",
          "fullFile": "",
          "file": "",
          "beforeHooks": [],
          "afterHooks": [],
          "tests": [
            {
              "title": "Invalid login",
              "fullTitle": "Testsuite with PO Invalid login",
              "timedOut": null,
              "duration": 76854,
              "state": "passed",
              "speed": "slow",
              "pass": true,
              "fail": false,
              "pending": false,
              "context": null,
              "code": "dashboardPage.doLogout(\"Login\"); // needs to log out first before doing the invalid login attempt because login is happening in beforeEach\ncy.log(\"Logout performed, header confirmed\");\nloginPage.doInvalidLogin(\"aaa\", \"aaa\");\ncy.log(\"Invalid login performed\");\nloginPage.confirmTheHeader(\"Login\");\ncy.log(\"Header Login confirmed\");\ncy.wait(1000);\ncy.percySnapshot('SCREENSHOT_invalid_login');",
              "err": {},
              "uuid": "2c7a46e4-f864-487a-93ae-db8f31ed50bf",
              "parentUUID": "74b9cf67-0551-4236-aa5c-8dbfde133d6c",
              "isHook": false,
              "skipped": false
            },
            {
              "title": "Valid login and logout",
              "fullTitle": "Testsuite with PO Valid login and logout",
              "timedOut": null,
              "duration": 69082,
              "state": "passed",
              "speed": "slow",
              "pass": true,
              "fail": false,
              "pending": false,
              "context": null,
              "code": "dashboardPage.doLogout(\"Login\"); // needs to logout first because login is happening in beforeEach\ncy.log(\"logout performed, header confirmed\");\nloginPage.doLogin(targets.username, targets.password, \"Tester Hotel Overview\");\ncy.log(\"Valid login performed, header confirmed\");\ndashboardPage.doLogout(\"Login\");\ncy.log(\"Valid logout performed, header confirmed\");",
              "err": {},
              "uuid": "65d70edf-3ee3-4cf4-b870-615c8a81baa5",
              "parentUUID": "74b9cf67-0551-4236-aa5c-8dbfde133d6c",
              "isHook": false,
              "skipped": false
            },
            {
              "title": "Navigate to the 4 main pages and verify",
              "fullTitle": "Testsuite with PO Navigate to the 4 main pages and verify",
              "timedOut": null,
              "duration": 51782,
              "state": "failed",
              "speed": null,
              "pass": false,
              "fail": true,
              "pending": false,
              "context": null,
              "code": "//navigate to Rooms page and then go back to dashboard\ndashboardPage.viewRooms(\"Rooms\");\ncy.log(\"View rooms button was clicked, content confirmed\");\nroomsPage.goBackToDashboard(\"Tester Hotel Overview\");\ncy.log(\"Back button was clicked, content confirmed\");\ncy.wait(1000);\ncy.percySnapshot('SCREENSHOT_navigate_to_rooms_page'); //navigate to Clients page and then go back to dashboard\ndashboardPage.viewClients(\"Clients\");\ncy.log(\"View clients button was clicked, content confirmed\");\nclientsPage.goBackToDashboard(\"Tester Hotel Overview\");\ncy.log(\"Back button was clicked, content confirmed\"); //navigate to Bills page and then go back to dashboard\ndashboardPage.viewBills(\"Bills\");\ncy.log(\"View bills button was clicked, content confirmed\");\nbillsPage.goBackToDashboard(\"Tester Hotel Overview\");\ncy.log(\"Back button was clicked, content confirmed\"); //navigate to Reservations page and then go back to dashboard\ndashboardPage.viewReservations(\"Reservations\");\ncy.log(\"View reservations button was clicked, content confirmed\");\nreservationsPage.goBackToDashboard(\"Tester Hotel Overview\");\ncy.log(\"Back button was clicked, content confirmed\");",
              "err": {
                "message": "AssertionError: Timed out retrying after 4000ms: Expected to find element: `:nth-child(1) > .btn`, but never found it.",
                "estack": "AssertionError: Timed out retrying after 4000ms: Expected to find element: `:nth-child(1) > .btn`, but never found it.\n    at Object.viewRooms (http://localhost:3000/__cypress/tests?p=cypress\\integration\\testsuite.spec.js:534:6)\n    at Context.eval (http://localhost:3000/__cypress/tests?p=cypress\\integration\\testsuite.spec.js:261:19)",
                "diff": null
              },
              "uuid": "729254c5-1c49-445e-b03a-70fd06be0a45",
              "parentUUID": "74b9cf67-0551-4236-aa5c-8dbfde133d6c",
              "isHook": false,
              "skipped": false
            },
            {
              "title": "View, create, delete rooms and verify",
              "fullTitle": "Testsuite with PO View, create, delete rooms and verify",
              "timedOut": null,
              "duration": 73248,
              "state": "failed",
              "speed": null,
              "pass": false,
              "fail": true,
              "pending": false,
              "context": null,
              "code": "dashboardPage.viewRooms(\"Rooms\");\ncy.log(\"View rooms button was clicked, content confirmed\");\ncy.wait(1000);\ncy.percySnapshot('SCREENSHOT_view_rooms');\nroomsPage.viewRoomNew(\"New Room\");\ncy.log(\"Create Room button was clicked, content confirmed\");\nroomNewPage.createRoom(\"Single\", \"1\", \"1\", \"100\", \"Balcony\", \"Rooms\"); //parameters: category, number, floor, price, features, confirmationContent\ncy.log(\"Save button was clicked, content confirmed\");\nroomsPage.verifyLastRoom(\"single\", \"1\", \"1\", \"100\", \"balcony\");\ncy.log(\"Veryfying last room created\");\nroomsPage.removeLastRoom();\ncy.log(\"Removed last room from the list\");\nroomsPage.goBackToDashboard(\"Tester Hotel Overview\");\ncy.log(\"Back button was clicked, content confirmed\");",
              "err": {
                "message": "CypressError: Timed out after waiting `60000ms` for your remote page to load.\n\nYour page did not fire its `load` event within `60000ms`.\n\nYou can try increasing the `pageLoadTimeout` value in `cypress.json` to wait longer.\n\nBrowsers will not fire the `load` event until all stylesheets and scripts are done downloading.\n\nWhen this `load` event occurs, Cypress will continue running commands.\n\nBecause this error occurred during a `before each` hook we are skipping the remaining tests in the current suite: `Testsuite with PO`",
                "estack": "CypressError: Timed out after waiting `60000ms` for your remote page to load.\n\nYour page did not fire its `load` event within `60000ms`.\n\nYou can try increasing the `pageLoadTimeout` value in `cypress.json` to wait longer.\n\nBrowsers will not fire the `load` event until all stylesheets and scripts are done downloading.\n\nWhen this `load` event occurs, Cypress will continue running commands.\n\nBecause this error occurred during a `before each` hook we are skipping the remaining tests in the current suite: `Testsuite with PO`\n    at timedOutWaitingForPageLoad (http://localhost:3000/__cypress/runner/cypress_runner.js:137236:13)\n    at http://localhost:3000/__cypress/runner/cypress_runner.js:138256:16\n    at tryCatcher (http://localhost:3000/__cypress/runner/cypress_runner.js:10747:23)\n    at http://localhost:3000/__cypress/runner/cypress_runner.js:5869:41\n    at tryCatcher (http://localhost:3000/__cypress/runner/cypress_runner.js:10747:23)\n    at Promise._settlePromiseFromHandler (http://localhost:3000/__cypress/runner/cypress_runner.js:8682:31)\n    at Promise._settlePromise (http://localhost:3000/__cypress/runner/cypress_runner.js:8739:18)\n    at Promise._settlePromise0 (http://localhost:3000/__cypress/runner/cypress_runner.js:8784:10)\n    at Promise._settlePromises (http://localhost:3000/__cypress/runner/cypress_runner.js:8860:18)\n    at _drainQueueStep (http://localhost:3000/__cypress/runner/cypress_runner.js:5454:12)\n    at _drainQueue (http://localhost:3000/__cypress/runner/cypress_runner.js:5447:9)\n    at Async.../../node_modules/bluebird/js/release/async.js.Async._drainQueues (http://localhost:3000/__cypress/runner/cypress_runner.js:5463:5)\n    at Async.drainQueues (http://localhost:3000/__cypress/runner/cypress_runner.js:5333:14)\nFrom Your Spec Code:\n    at Context.eval (http://localhost:3000/__cypress/tests?p=cypress\\integration\\testsuite.spec.js:228:8)",
                "diff": null
              },
              "uuid": "3a6d4ad0-2c3f-44cc-8482-57a1f0d732a9",
              "parentUUID": "74b9cf67-0551-4236-aa5c-8dbfde133d6c",
              "isHook": false,
              "skipped": false
            },
            {
              "title": "View, create, delete clients and verify",
              "fullTitle": "Testsuite with PO View, create, delete clients and verify",
              "timedOut": null,
              "duration": 0,
              "state": "skipped",
              "speed": null,
              "pass": false,
              "fail": false,
              "pending": false,
              "context": null,
              "code": "dashboardPage.viewClients(\"Clients\");\ncy.log(\"View clients button was clicked, content confirmed\");\nclientsPage.viewClientNew(\"New Client\");\ncy.log(\"Create Client button was clicked, content confirmed\");\nclientNewPage.createClient(\"tester123\", \"tester123@mail.com\", \"0700000000\", \"Clients\");\ncy.log(\"Save button was clicked, content confirmed\");\nclientsPage.verifyLastClient(\"tester123\", \"tester123@mail.com\", \"0700000000\");\ncy.log(\"Veryfying last client created\");\nclientsPage.removeLastClient();\ncy.log(\"Removed last client from the list\");\nclientsPage.goBackToDashboard(\"Tester Hotel Overview\");\ncy.log(\"Back button was clicked, content confirmed\");",
              "err": {},
              "uuid": "7f96be37-ab32-4c08-a6f8-64844a890fef",
              "parentUUID": "74b9cf67-0551-4236-aa5c-8dbfde133d6c",
              "isHook": false,
              "skipped": true
            },
            {
              "title": "View, create, delete bills and verify",
              "fullTitle": "Testsuite with PO View, create, delete bills and verify",
              "timedOut": null,
              "duration": 0,
              "state": "skipped",
              "speed": null,
              "pass": false,
              "fail": false,
              "pending": false,
              "context": null,
              "code": "dashboardPage.viewBills(\"Bills\");\ncy.log(\"View bills button was clicked, content confirmed\");\nbillsPage.viewBillNew(\"New Bill\");\ncy.log(\"Create Bill button was clicked, content confirmed\");\nbillNewPage.createBill(\"100\", \"Bills\");\ncy.log(\"Save button was clicked, content confirmed\");\nbillsPage.verifyLastBill(\"100\");\ncy.log(\"Veryfying last bill created\");\nbillsPage.removeLastBill();\ncy.log(\"Removed last bill from the list\");\nbillsPage.goBackToDashboard(\"Tester Hotel Overview\");\ncy.log(\"Back button was clicked, content confirmed\");",
              "err": {},
              "uuid": "c3c99fa0-7f71-4159-a288-4175492262c7",
              "parentUUID": "74b9cf67-0551-4236-aa5c-8dbfde133d6c",
              "isHook": false,
              "skipped": true
            }
          ],
          "suites": [],
          "passes": [
            "2c7a46e4-f864-487a-93ae-db8f31ed50bf",
            "65d70edf-3ee3-4cf4-b870-615c8a81baa5"
          ],
          "failures": [
            "729254c5-1c49-445e-b03a-70fd06be0a45",
            "3a6d4ad0-2c3f-44cc-8482-57a1f0d732a9"
          ],
          "pending": [],
          "skipped": [
            "7f96be37-ab32-4c08-a6f8-64844a890fef",
            "c3c99fa0-7f71-4159-a288-4175492262c7"
          ],
          "duration": 270966,
          "root": false,
          "rootEmpty": false,
          "_timeout": 2000
        }
      ],
      "passes": [],
      "failures": [],
      "pending": [],
      "skipped": [],
      "duration": 0,
      "root": true,
      "rootEmpty": true,
      "_timeout": 2000
    }
  ],
  "meta": {
    "mocha": {
      "version": "7.0.1"
    },
    "mochawesome": {
      "options": {
        "quiet": false,
        "reportFilename": "mochawesome",
        "saveHtml": true,
        "saveJson": true,
        "consoleReporter": "spec",
        "useInlineDiffs": false,
        "code": true
      },
      "version": "6.2.2"
    },
    "marge": {
      "options": {
        "reportDir": "cypress/report/mochawesome-report",
        "overwrite": false,
        "html": true,
        "json": true,
        "timestamp": "mmddyyyy_HHMMss"
      },
      "version": "5.2.0"
    }
  }
}