{
  "stats": {
    "suites": 1,
    "tests": 5,
    "passes": 5,
    "pending": 0,
    "failures": 0,
    "start": "2021-04-28T21:33:13.329Z",
    "end": "2021-04-28T21:36:19.639Z",
    "duration": 186310,
    "testsRegistered": 6,
    "passPercent": 83.33333333333334,
    "pendingPercent": 0,
    "other": 0,
    "hasOther": false,
    "skipped": 1,
    "hasSkipped": true
  },
  "results": [
    {
      "uuid": "540563a1-f6bf-4fdf-a10b-01e1521837ec",
      "title": "",
      "fullFile": "cypress/integration/testsuite-spec.js",
      "file": "cypress/integration/testsuite-spec.js",
      "beforeHooks": [],
      "afterHooks": [],
      "tests": [],
      "suites": [
        {
          "uuid": "6cb9edb1-38cd-42a8-8ed0-652edcf0a98d",
          "title": "Testsuite with PO",
          "fullFile": "",
          "file": "",
          "beforeHooks": [],
          "afterHooks": [],
          "tests": [
            {
              "title": "Invalid login",
              "fullTitle": "Testsuite with PO Invalid login",
              "timedOut": null,
              "duration": 25622,
              "state": "passed",
              "speed": "slow",
              "pass": true,
              "fail": false,
              "pending": false,
              "context": null,
              "code": "dashboardPage.doLogout(); // needs to log out first before doing the invalid login attempt because login is happening in beforeEach\ncy.log(\"Logout performed\");\nloginPage.confirmTheHeader(\"Login\");\ncy.log(\"Header Login confirmed\");\nloginPage.doInvalidLogin(\"aaa\", \"aaa\");\ncy.log(\"Invalid login performed\");\nloginPage.confirmTheHeader(\"Login\");\ncy.log(\"Header Login confirmed\");\ncy.wait(1000).percySnapshot('SCREENSHOT_invalid_login');",
              "err": {},
              "uuid": "c0861f81-2beb-4084-b9e1-505b2e66fbe0",
              "parentUUID": "6cb9edb1-38cd-42a8-8ed0-652edcf0a98d",
              "isHook": false,
              "skipped": false
            },
            {
              "title": "Valid login and logout",
              "fullTitle": "Testsuite with PO Valid login and logout",
              "timedOut": null,
              "duration": 25179,
              "state": "passed",
              "speed": "slow",
              "pass": true,
              "fail": false,
              "pending": false,
              "context": null,
              "code": "dashboardPage.doLogout(); // needs to logout first because login is happening in beforeEach\ncy.log(\"logout performed\");\nloginPage.confirmTheHeader(\"Login\");\ncy.log(\"Header Login confirmed\");\nloginPage.doLogin(targets.username, targets.password, \"Tester Hotel Overview\");\ncy.log(\"Valid login performed, header confirmed\");\ndashboardPage.doLogout();\ncy.log(\"Valid logout performed\");\nloginPage.confirmTheHeader(\"Login\");\ncy.log(\"Header Login confirmed\");",
              "err": {},
              "uuid": "d4c0dc5b-3164-4719-9b30-685627d11aeb",
              "parentUUID": "6cb9edb1-38cd-42a8-8ed0-652edcf0a98d",
              "isHook": false,
              "skipped": false
            },
            {
              "title": "Navigate to the 4 main pages and verify",
              "fullTitle": "Testsuite with PO Navigate to the 4 main pages and verify",
              "timedOut": null,
              "duration": 0,
              "state": "skipped",
              "speed": null,
              "pass": false,
              "fail": false,
              "pending": false,
              "context": null,
              "code": "//navigate to Rooms page and then go back to dashboard\ndashboardPage.viewRooms(\"Rooms\");\ncy.log(\"View rooms button was clicked, content confirmed\");\nroomsPage.goBackToDashboard(\"Tester Hotel Overview\");\ncy.log(\"Back button was clicked, content confirmed\");\ncy.wait(1000).percySnapshot('SCREENSHOT_navigate_to_rooms_page'); //navigate to Clients page and then go back to dashboard\ndashboardPage.viewClients(\"Clients\");\ncy.log(\"View clients button was clicked, content confirmed\");\nclientsPage.goBackToDashboard(\"Tester Hotel Overview\");\ncy.log(\"Back button was clicked, content confirmed\"); //navigate to Bills page and then go back to dashboard\ndashboardPage.viewBills(\"Bills\");\ncy.log(\"View bills button was clicked, content confirmed\");\nbillsPage.goBackToDashboard(\"Tester Hotel Overview\");\ncy.log(\"Back button was clicked, content confirmed\"); //navigate to Reservations page and then go back to dashboard\ndashboardPage.viewReservations(\"Reservations\");\ncy.log(\"View reservations button was clicked, content confirmed\");\nreservationsPage.goBackToDashboard(\"Tester Hotel Overview\");\ncy.log(\"Back button was clicked, content confirmed\");",
              "err": {},
              "uuid": "97e65e28-ac3d-406f-9ed4-fdb718541e6f",
              "parentUUID": "6cb9edb1-38cd-42a8-8ed0-652edcf0a98d",
              "isHook": false,
              "skipped": true
            },
            {
              "title": "View, create, delete rooms and verify",
              "fullTitle": "Testsuite with PO View, create, delete rooms and verify",
              "timedOut": null,
              "duration": 42642,
              "state": "passed",
              "speed": "slow",
              "pass": true,
              "fail": false,
              "pending": false,
              "context": null,
              "code": "dashboardPage.viewRooms(\"Rooms\");\ncy.log(\"View rooms button was clicked, content confirmed\");\ncy.wait(1000).percySnapshot('SCREENSHOT_view_rooms');\nroomsPage.viewRoomNew(\"New Room\");\ncy.log(\"Create Room button was clicked, content confirmed\");\nroomNewPage.createRoom(CREATE_ROOM_CATEGORY, CREATE_ROOM_NUMBER, CREATE_ROOM_FLOOR, CREATE_ROOM_PRICE, CREATE_ROOM_FEATURES, CREATE_ROOM_CONFIRMATIONCONTENT); //parameters: category, number, floor, price, features, confirmationContent\ncy.log(\"Save button was clicked, content confirmed\");\nroomsPage.verifyLastRoom(VERIFY_LAST_ROOM_CATEGORY, VERIFY_LAST_ROOM_NUMBER, VERIFY_LAST_ROOM_FLOOR, VERIFY_LAST_ROOM_PRICE, VERIFY_LAST_ROOM_FEATURES);\ncy.log(\"Veryfying last room created\");\nroomsPage.removeLastRoom();\ncy.log(\"Removed last room from the list\");\nroomsPage.goBackToDashboard(\"Tester Hotel Overview\");\ncy.log(\"Back button was clicked, content confirmed\");",
              "err": {},
              "uuid": "65334f86-60c2-4b69-aa83-e999f4bbde88",
              "parentUUID": "6cb9edb1-38cd-42a8-8ed0-652edcf0a98d",
              "isHook": false,
              "skipped": false
            },
            {
              "title": "View, create, delete clients and verify",
              "fullTitle": "Testsuite with PO View, create, delete clients and verify",
              "timedOut": null,
              "duration": 31500,
              "state": "passed",
              "speed": "slow",
              "pass": true,
              "fail": false,
              "pending": false,
              "context": null,
              "code": "dashboardPage.viewClients(\"Clients\");\ncy.log(\"View clients button was clicked, content confirmed\");\nclientsPage.viewClientNew(\"New Client\");\ncy.log(\"Create Client button was clicked, content confirmed\");\nclientNewPage.createClient(\"tester123\", \"tester123@mail.com\", \"0700000000\", \"Clients\");\ncy.log(\"Save button was clicked, content confirmed\");\nclientsPage.verifyLastClient(\"tester123\", \"tester123@mail.com\", \"0700000000\");\ncy.log(\"Veryfying last client created\");\nclientsPage.removeLastClient();\ncy.log(\"Removed last client from the list\");\nclientsPage.goBackToDashboard(\"Tester Hotel Overview\");\ncy.log(\"Back button was clicked, content confirmed\");",
              "err": {},
              "uuid": "ca24696a-1ffa-4391-af37-0a4076fad2a7",
              "parentUUID": "6cb9edb1-38cd-42a8-8ed0-652edcf0a98d",
              "isHook": false,
              "skipped": false
            },
            {
              "title": "View, create, delete bills and verify",
              "fullTitle": "Testsuite with PO View, create, delete bills and verify",
              "timedOut": null,
              "duration": 20835,
              "state": "passed",
              "speed": "slow",
              "pass": true,
              "fail": false,
              "pending": false,
              "context": null,
              "code": "dashboardPage.viewBills(\"Bills\");\ncy.log(\"View bills button was clicked, content confirmed\");\nbillsPage.viewBillNew(\"New Bill\");\ncy.log(\"Create Bill button was clicked, content confirmed\");\nbillNewPage.createBill(\"100\", \"Bills\");\ncy.log(\"Save button was clicked, content confirmed\");\nbillsPage.verifyLastBill(\"100\");\ncy.log(\"Veryfying last bill created\");\nbillsPage.removeLastBill();\ncy.log(\"Removed last bill from the list\");\nbillsPage.goBackToDashboard(\"Tester Hotel Overview\");\ncy.log(\"Back button was clicked, content confirmed\");",
              "err": {},
              "uuid": "56bcff14-7217-496d-a2bf-111c16c3d416",
              "parentUUID": "6cb9edb1-38cd-42a8-8ed0-652edcf0a98d",
              "isHook": false,
              "skipped": false
            }
          ],
          "suites": [],
          "passes": [
            "c0861f81-2beb-4084-b9e1-505b2e66fbe0",
            "d4c0dc5b-3164-4719-9b30-685627d11aeb",
            "65334f86-60c2-4b69-aa83-e999f4bbde88",
            "ca24696a-1ffa-4391-af37-0a4076fad2a7",
            "56bcff14-7217-496d-a2bf-111c16c3d416"
          ],
          "failures": [],
          "pending": [],
          "skipped": [
            "97e65e28-ac3d-406f-9ed4-fdb718541e6f"
          ],
          "duration": 145778,
          "root": false,
          "rootEmpty": false,
          "_timeout": 2000
        }
      ],
      "passes": [],
      "failures": [],
      "pending": [],
      "skipped": [],
      "duration": 0,
      "root": true,
      "rootEmpty": true,
      "_timeout": 2000
    }
  ],
  "meta": {
    "mocha": {
      "version": "7.0.1"
    },
    "mochawesome": {
      "options": {
        "quiet": false,
        "reportFilename": "mochawesome",
        "saveHtml": true,
        "saveJson": true,
        "consoleReporter": "spec",
        "useInlineDiffs": false,
        "code": true
      },
      "version": "6.2.2"
    },
    "marge": {
      "options": {
        "reportDir": "cypress/report/mochawesome-report",
        "overwrite": false,
        "html": true,
        "json": true,
        "timestamp": "mmddyyyy_HHMMss"
      },
      "version": "5.2.0"
    }
  }
}