{
  "stats": {
    "suites": 1,
    "tests": 6,
    "passes": 6,
    "pending": 0,
    "failures": 0,
    "start": "2021-04-29T19:41:48.199Z",
    "end": "2021-04-29T19:45:43.974Z",
    "duration": 235775,
    "testsRegistered": 6,
    "passPercent": 100,
    "pendingPercent": 0,
    "other": 0,
    "hasOther": false,
    "skipped": 0,
    "hasSkipped": false
  },
  "results": [
    {
      "uuid": "2e74d6f9-8a12-495a-9586-f020c388a141",
      "title": "",
      "fullFile": "cypress/integration/testsuite.spec.js",
      "file": "cypress/integration/testsuite.spec.js",
      "beforeHooks": [],
      "afterHooks": [],
      "tests": [],
      "suites": [
        {
          "uuid": "5968aabc-f370-4035-ba2a-3ae74347c2ea",
          "title": "Testsuite with PO",
          "fullFile": "",
          "file": "",
          "beforeHooks": [],
          "afterHooks": [],
          "tests": [
            {
              "title": "Invalid login",
              "fullTitle": "Testsuite with PO Invalid login",
              "timedOut": null,
              "duration": 30103,
              "state": "passed",
              "speed": "slow",
              "pass": true,
              "fail": false,
              "pending": false,
              "context": null,
              "code": "dashboardPage.doLogout(); // needs to log out first before doing the invalid login attempt because login is happening in beforeEach\ncy.log(\"Logout performed\");\nloginPage.confirmTheHeader(\"Login\");\ncy.log(\"Header Login confirmed\");\nloginPage.doInvalidLogin(\"aaa\", \"aaa\");\ncy.log(\"Invalid login performed\");\nloginPage.confirmTheHeader(\"Login\");\ncy.log(\"Header Login confirmed\");\ncy.wait(4000).percySnapshot('SCREENSHOT_invalid_login');",
              "err": {},
              "uuid": "dcc9fb28-9fff-463d-8c98-7b4517a816f8",
              "parentUUID": "5968aabc-f370-4035-ba2a-3ae74347c2ea",
              "isHook": false,
              "skipped": false
            },
            {
              "title": "Valid login and logout",
              "fullTitle": "Testsuite with PO Valid login and logout",
              "timedOut": null,
              "duration": 33441,
              "state": "passed",
              "speed": "slow",
              "pass": true,
              "fail": false,
              "pending": false,
              "context": null,
              "code": "dashboardPage.doLogout(); // needs to logout first because login is happening in beforeEach\ncy.log(\"logout performed\");\nloginPage.confirmTheHeader(\"Login\");\ncy.log(\"Header Login confirmed\");\nloginPage.doLogin(targets.username, targets.password, \"Tester Hotel Overview\");\ncy.log(\"Valid login performed, header confirmed\");\ndashboardPage.doLogout();\ncy.log(\"Valid logout performed\");\nloginPage.confirmTheHeader(\"Login\");\ncy.log(\"Header Login confirmed\");",
              "err": {},
              "uuid": "6f6023af-6a6b-4db5-bd13-326780f99169",
              "parentUUID": "5968aabc-f370-4035-ba2a-3ae74347c2ea",
              "isHook": false,
              "skipped": false
            },
            {
              "title": "Navigate to the 4 main pages and verify",
              "fullTitle": "Testsuite with PO Navigate to the 4 main pages and verify",
              "timedOut": null,
              "duration": 39390,
              "state": "passed",
              "speed": "slow",
              "pass": true,
              "fail": false,
              "pending": false,
              "context": null,
              "code": "//navigate to Rooms page and then go back to dashboard\ndashboardPage.viewRooms(\"Rooms\");\ncy.log(\"View rooms button was clicked, content confirmed\");\nroomsPage.goBackToDashboard(\"Tester Hotel Overview\");\ncy.log(\"Back button was clicked, content confirmed\");\ncy.wait(4000).percySnapshot('SCREENSHOT_navigate_to_rooms_page'); //navigate to Clients page and then go back to dashboard\ndashboardPage.viewClients(\"Clients\");\ncy.log(\"View clients button was clicked, content confirmed\");\nclientsPage.goBackToDashboard(\"Tester Hotel Overview\");\ncy.log(\"Back button was clicked, content confirmed\"); //navigate to Bills page and then go back to dashboard\ndashboardPage.viewBills(\"Bills\");\ncy.log(\"View bills button was clicked, content confirmed\");\nbillsPage.goBackToDashboard(\"Tester Hotel Overview\");\ncy.log(\"Back button was clicked, content confirmed\"); //navigate to Reservations page and then go back to dashboard\ndashboardPage.viewReservations(\"Reservations\");\ncy.log(\"View reservations button was clicked, content confirmed\");\nreservationsPage.goBackToDashboard(\"Tester Hotel Overview\");\ncy.log(\"Back button was clicked, content confirmed\");",
              "err": {},
              "uuid": "d1dcf18e-95ef-416e-96bf-97248ccdd6c5",
              "parentUUID": "5968aabc-f370-4035-ba2a-3ae74347c2ea",
              "isHook": false,
              "skipped": false
            },
            {
              "title": "View, create, delete rooms and verify",
              "fullTitle": "Testsuite with PO View, create, delete rooms and verify",
              "timedOut": null,
              "duration": 48343,
              "state": "passed",
              "speed": "slow",
              "pass": true,
              "fail": false,
              "pending": false,
              "context": null,
              "code": "dashboardPage.viewRooms(\"Rooms\");\ncy.log(\"View rooms button was clicked, content confirmed\");\ncy.wait(4000).percySnapshot('SCREENSHOT_view_rooms');\nroomsPage.viewRoomNew(\"New Room\");\ncy.log(\"Create Room button was clicked, content confirmed\");\nroomNewPage.createRoom(targets.globalCreateRoomCat, targets.globalCreateRoomNum, targets.globalCreateRoomFloor, targets.globalCreateRoomPrice, targets.globalCreateRoomFeat, targets.globalCreateRoomConfCont); //parameters: category, number, floor, price, features, confirmationContent\ncy.log(\"Save button was clicked, content confirmed\");\nroomsPage.verifyLastRoom(targets.globalVerifyLastRoomCat, targets.globalVerifyLastRoomNum, targets.globalVerifyLastRoomFloor, targets.globalVerifyLastRoomPrice, targets.globalVerifyLastRoomFeat);\ncy.log(\"Veryfying last room created\");\nroomsPage.removeLastRoom();\ncy.log(\"Removed last room from the list\");\nroomsPage.goBackToDashboard(\"Tester Hotel Overview\");\ncy.log(\"Back button was clicked, content confirmed\");",
              "err": {},
              "uuid": "0f9b10e6-876d-40ec-87b2-27ffe2f534f2",
              "parentUUID": "5968aabc-f370-4035-ba2a-3ae74347c2ea",
              "isHook": false,
              "skipped": false
            },
            {
              "title": "View, create, delete clients and verify",
              "fullTitle": "Testsuite with PO View, create, delete clients and verify",
              "timedOut": null,
              "duration": 51957,
              "state": "passed",
              "speed": "slow",
              "pass": true,
              "fail": false,
              "pending": false,
              "context": null,
              "code": "dashboardPage.viewClients(\"Clients\");\ncy.log(\"View clients button was clicked, content confirmed\");\nclientsPage.viewClientNew(\"New Client\");\ncy.log(\"Create Client button was clicked, content confirmed\");\nclientNewPage.createClient(targets.globalFakerRndName, targets.globalFakerRndMail, targets.globalFakerRndPhone, \"Clients\");\ncy.log(\"Save button was clicked, content confirmed\");\nclientsPage.verifyLastClient(targets.globalFakerRndName, targets.globalFakerRndMail, targets.globalFakerRndPhone);\ncy.log(\"Veryfying last client created\");\nclientsPage.removeLastClient();\ncy.log(\"Removed last client from the list\");\nclientsPage.goBackToDashboard(\"Tester Hotel Overview\");\ncy.log(\"Back button was clicked, content confirmed\");",
              "err": {},
              "uuid": "f51803fd-e84b-41e7-acf0-950f769fa434",
              "parentUUID": "5968aabc-f370-4035-ba2a-3ae74347c2ea",
              "isHook": false,
              "skipped": false
            },
            {
              "title": "View, create, delete bills and verify",
              "fullTitle": "Testsuite with PO View, create, delete bills and verify",
              "timedOut": null,
              "duration": 28624,
              "state": "passed",
              "speed": "slow",
              "pass": true,
              "fail": false,
              "pending": false,
              "context": null,
              "code": "dashboardPage.viewBills(\"Bills\");\ncy.log(\"View bills button was clicked, content confirmed\");\nbillsPage.viewBillNew(\"New Bill\");\ncy.log(\"Create Bill button was clicked, content confirmed\");\nbillNewPage.createBill(targets.globalFakerRndPrice, \"Bills\");\ncy.log(\"Save button was clicked, content confirmed\");\nbillsPage.verifyLastBill(targets.globalFakerRndPrice);\ncy.log(\"Veryfying last bill created\");\nbillsPage.removeLastBill();\ncy.log(\"Removed last bill from the list\");\nbillsPage.goBackToDashboard(\"Tester Hotel Overview\");\ncy.log(\"Back button was clicked, content confirmed\");",
              "err": {},
              "uuid": "f91ffdc3-3ddd-42cc-8cfe-95c52129de42",
              "parentUUID": "5968aabc-f370-4035-ba2a-3ae74347c2ea",
              "isHook": false,
              "skipped": false
            }
          ],
          "suites": [],
          "passes": [
            "dcc9fb28-9fff-463d-8c98-7b4517a816f8",
            "6f6023af-6a6b-4db5-bd13-326780f99169",
            "d1dcf18e-95ef-416e-96bf-97248ccdd6c5",
            "0f9b10e6-876d-40ec-87b2-27ffe2f534f2",
            "f51803fd-e84b-41e7-acf0-950f769fa434",
            "f91ffdc3-3ddd-42cc-8cfe-95c52129de42"
          ],
          "failures": [],
          "pending": [],
          "skipped": [],
          "duration": 231858,
          "root": false,
          "rootEmpty": false,
          "_timeout": 2000
        }
      ],
      "passes": [],
      "failures": [],
      "pending": [],
      "skipped": [],
      "duration": 0,
      "root": true,
      "rootEmpty": true,
      "_timeout": 2000
    }
  ],
  "meta": {
    "mocha": {
      "version": "7.0.1"
    },
    "mochawesome": {
      "options": {
        "quiet": false,
        "reportFilename": "mochawesome",
        "saveHtml": true,
        "saveJson": true,
        "consoleReporter": "spec",
        "useInlineDiffs": false,
        "code": true
      },
      "version": "6.2.2"
    },
    "marge": {
      "options": {
        "reportDir": "cypress/report/mochawesome-report",
        "overwrite": false,
        "html": true,
        "json": true,
        "timestamp": "mmddyyyy_HHMMss"
      },
      "version": "5.2.0"
    }
  }
}