{
  "stats": {
    "suites": 1,
    "tests": 6,
    "passes": 4,
    "pending": 0,
    "failures": 2,
    "start": "2021-04-29T14:57:15.601Z",
    "end": "2021-04-29T15:00:48.423Z",
    "duration": 212822,
    "testsRegistered": 6,
    "passPercent": 66.66666666666666,
    "pendingPercent": 0,
    "other": 0,
    "hasOther": false,
    "skipped": 0,
    "hasSkipped": false
  },
  "results": [
    {
      "uuid": "30fee904-e5ad-42fd-acb6-163d18ef637b",
      "title": "",
      "fullFile": "cypress/integration/testsuite.spec.js",
      "file": "cypress/integration/testsuite.spec.js",
      "beforeHooks": [],
      "afterHooks": [],
      "tests": [],
      "suites": [
        {
          "uuid": "6d588d14-5a6f-4fe4-832c-6148fbf81f6e",
          "title": "Testsuite with PO",
          "fullFile": "",
          "file": "",
          "beforeHooks": [],
          "afterHooks": [],
          "tests": [
            {
              "title": "Invalid login",
              "fullTitle": "Testsuite with PO Invalid login",
              "timedOut": null,
              "duration": 34583,
              "state": "passed",
              "speed": "slow",
              "pass": true,
              "fail": false,
              "pending": false,
              "context": null,
              "code": "dashboardPage.doLogout(); // needs to log out first before doing the invalid login attempt because login is happening in beforeEach\ncy.log(\"Logout performed\");\nloginPage.confirmTheHeader(\"Login\");\ncy.log(\"Header Login confirmed\");\nloginPage.doInvalidLogin(\"aaa\", \"aaa\");\ncy.log(\"Invalid login performed\");\nloginPage.confirmTheHeader(\"Login\");\ncy.log(\"Header Login confirmed\");\ncy.wait(3000).percySnapshot('SCREENSHOT_invalid_login');",
              "err": {},
              "uuid": "3c0b579c-a53f-41a3-9646-ce9cc909a9d2",
              "parentUUID": "6d588d14-5a6f-4fe4-832c-6148fbf81f6e",
              "isHook": false,
              "skipped": false
            },
            {
              "title": "Valid login and logout",
              "fullTitle": "Testsuite with PO Valid login and logout",
              "timedOut": null,
              "duration": 29498,
              "state": "passed",
              "speed": "slow",
              "pass": true,
              "fail": false,
              "pending": false,
              "context": null,
              "code": "dashboardPage.doLogout(); // needs to logout first because login is happening in beforeEach\ncy.log(\"logout performed\");\nloginPage.confirmTheHeader(\"Login\");\ncy.log(\"Header Login confirmed\");\nloginPage.doLogin(targets.username, targets.password, \"Tester Hotel Overview\");\ncy.log(\"Valid login performed, header confirmed\");\ndashboardPage.doLogout();\ncy.log(\"Valid logout performed\");\nloginPage.confirmTheHeader(\"Login\");\ncy.log(\"Header Login confirmed\");",
              "err": {},
              "uuid": "c1b192d8-0d15-4032-bfb5-a820655a602d",
              "parentUUID": "6d588d14-5a6f-4fe4-832c-6148fbf81f6e",
              "isHook": false,
              "skipped": false
            },
            {
              "title": "Navigate to the 4 main pages and verify",
              "fullTitle": "Testsuite with PO Navigate to the 4 main pages and verify",
              "timedOut": null,
              "duration": 22926,
              "state": "failed",
              "speed": null,
              "pass": false,
              "fail": true,
              "pending": false,
              "context": null,
              "code": "//navigate to Rooms page and then go back to dashboard\ndashboardPage.viewRooms(\"Rooms\");\ncy.log(\"View rooms button was clicked, content confirmed\");\nroomsPage.goBackToDashboard(\"Tester Hotel Overview\");\ncy.log(\"Back button was clicked, content confirmed\");\ncy.wait(3000).percySnapshot('SCREENSHOT_navigate_to_rooms_page'); //navigate to Clients page and then go back to dashboard\ndashboardPage.viewClients(\"Clients\");\ncy.log(\"View clients button was clicked, content confirmed\");\nclientsPage.goBackToDashboard(\"Tester Hotel Overview\");\ncy.log(\"Back button was clicked, content confirmed\"); //navigate to Bills page and then go back to dashboard\ndashboardPage.viewBills(\"Bills\");\ncy.log(\"View bills button was clicked, content confirmed\");\nbillsPage.goBackToDashboard(\"Tester Hotel Overview\");\ncy.log(\"Back button was clicked, content confirmed\"); //navigate to Reservations page and then go back to dashboard\ndashboardPage.viewReservations(\"Reservations\");\ncy.log(\"View reservations button was clicked, content confirmed\");\nreservationsPage.goBackToDashboard(\"Tester Hotel Overview\");\ncy.log(\"Back button was clicked, content confirmed\");",
              "err": {
                "message": "CypressError: `cy.then()` timed out after waiting `4000ms`.\n\nYour callback function returned a promise that never resolved.\n\nThe callback function was:\n\ndom => {\n      let domSnapshot = window.PercyDOM.serialize({ ...options, dom });\n\n      // Post the DOM snapshot to Percy\n      return utils.postSnapshot({\n        ...options,\n        environmentInfo: ENV_INFO,\n        clientInfo: CLIENT_INFO,\n        domSnapshot,\n        url: dom.URL,\n        name\n      }).then(() => {\n        // Log the snapshot name on success\n        cylog(name, { name });\n      }).catch(error => {\n        // Handle errors\n        log.error(`Could not take DOM snapshot \"${name}\"`);\n        log.error(error);\n      });\n    }\n\nhttps://on.cypress.io/then",
                "estack": "CypressError: `cy.then()` timed out after waiting `4000ms`.\n\nYour callback function returned a promise that never resolved.\n\nThe callback function was:\n\ndom => {\n      let domSnapshot = window.PercyDOM.serialize({ ...options, dom });\n\n      // Post the DOM snapshot to Percy\n      return utils.postSnapshot({\n        ...options,\n        environmentInfo: ENV_INFO,\n        clientInfo: CLIENT_INFO,\n        domSnapshot,\n        url: dom.URL,\n        name\n      }).then(() => {\n        // Log the snapshot name on success\n        cylog(name, { name });\n      }).catch(error => {\n        // Handle errors\n        log.error(`Could not take DOM snapshot \"${name}\"`);\n        log.error(error);\n      });\n    }\n\nhttps://on.cypress.io/then\n    at http://localhost:3000/__cypress/runner/cypress_runner.js:135511:24\n    at tryCatcher (http://localhost:3000/__cypress/runner/cypress_runner.js:10747:23)\n    at http://localhost:3000/__cypress/runner/cypress_runner.js:5869:41\n    at tryCatcher (http://localhost:3000/__cypress/runner/cypress_runner.js:10747:23)\n    at Promise._settlePromiseFromHandler (http://localhost:3000/__cypress/runner/cypress_runner.js:8682:31)\n    at Promise._settlePromise (http://localhost:3000/__cypress/runner/cypress_runner.js:8739:18)\n    at Promise._settlePromise0 (http://localhost:3000/__cypress/runner/cypress_runner.js:8784:10)\n    at Promise._settlePromises (http://localhost:3000/__cypress/runner/cypress_runner.js:8860:18)\n    at _drainQueueStep (http://localhost:3000/__cypress/runner/cypress_runner.js:5454:12)\n    at _drainQueue (http://localhost:3000/__cypress/runner/cypress_runner.js:5447:9)\n    at Async.../../node_modules/bluebird/js/release/async.js.Async._drainQueues (http://localhost:3000/__cypress/runner/cypress_runner.js:5463:5)\n    at Async.drainQueues (http://localhost:3000/__cypress/runner/cypress_runner.js:5333:14)\nFrom Your Spec Code:\n    at Context.eval (http://localhost:3000/__cypress/tests?p=cypress\\support\\index.js:203:40)",
                "diff": null
              },
              "uuid": "88a1050a-bf04-4ec6-af04-a9c2ceaced01",
              "parentUUID": "6d588d14-5a6f-4fe4-832c-6148fbf81f6e",
              "isHook": false,
              "skipped": false
            },
            {
              "title": "View, create, delete rooms and verify",
              "fullTitle": "Testsuite with PO View, create, delete rooms and verify",
              "timedOut": null,
              "duration": 27715,
              "state": "failed",
              "speed": null,
              "pass": false,
              "fail": true,
              "pending": false,
              "context": null,
              "code": "dashboardPage.viewRooms(\"Rooms\");\ncy.log(\"View rooms button was clicked, content confirmed\");\ncy.wait(3000).percySnapshot('SCREENSHOT_view_rooms');\nroomsPage.viewRoomNew(\"New Room\");\ncy.log(\"Create Room button was clicked, content confirmed\");\nroomNewPage.createRoom(CREATE_ROOM_CATEGORY, CREATE_ROOM_NUMBER, CREATE_ROOM_FLOOR, CREATE_ROOM_PRICE, CREATE_ROOM_FEATURES, CREATE_ROOM_CONFIRMATIONCONTENT); //parameters: category, number, floor, price, features, confirmationContent\ncy.log(\"Save button was clicked, content confirmed\");\nroomsPage.verifyLastRoom(VERIFY_LAST_ROOM_CATEGORY, VERIFY_LAST_ROOM_NUMBER, VERIFY_LAST_ROOM_FLOOR, VERIFY_LAST_ROOM_PRICE, VERIFY_LAST_ROOM_FEATURES);\ncy.log(\"Veryfying last room created\");\nroomsPage.removeLastRoom();\ncy.log(\"Removed last room from the list\");\nroomsPage.goBackToDashboard(\"Tester Hotel Overview\");\ncy.log(\"Back button was clicked, content confirmed\");",
              "err": {
                "message": "CypressError: `cy.then()` timed out after waiting `4000ms`.\n\nYour callback function returned a promise that never resolved.\n\nThe callback function was:\n\ndom => {\n      let domSnapshot = window.PercyDOM.serialize({ ...options, dom });\n\n      // Post the DOM snapshot to Percy\n      return utils.postSnapshot({\n        ...options,\n        environmentInfo: ENV_INFO,\n        clientInfo: CLIENT_INFO,\n        domSnapshot,\n        url: dom.URL,\n        name\n      }).then(() => {\n        // Log the snapshot name on success\n        cylog(name, { name });\n      }).catch(error => {\n        // Handle errors\n        log.error(`Could not take DOM snapshot \"${name}\"`);\n        log.error(error);\n      });\n    }\n\nhttps://on.cypress.io/then",
                "estack": "CypressError: `cy.then()` timed out after waiting `4000ms`.\n\nYour callback function returned a promise that never resolved.\n\nThe callback function was:\n\ndom => {\n      let domSnapshot = window.PercyDOM.serialize({ ...options, dom });\n\n      // Post the DOM snapshot to Percy\n      return utils.postSnapshot({\n        ...options,\n        environmentInfo: ENV_INFO,\n        clientInfo: CLIENT_INFO,\n        domSnapshot,\n        url: dom.URL,\n        name\n      }).then(() => {\n        // Log the snapshot name on success\n        cylog(name, { name });\n      }).catch(error => {\n        // Handle errors\n        log.error(`Could not take DOM snapshot \"${name}\"`);\n        log.error(error);\n      });\n    }\n\nhttps://on.cypress.io/then\n    at http://localhost:3000/__cypress/runner/cypress_runner.js:135511:24\n    at tryCatcher (http://localhost:3000/__cypress/runner/cypress_runner.js:10747:23)\n    at http://localhost:3000/__cypress/runner/cypress_runner.js:5869:41\n    at tryCatcher (http://localhost:3000/__cypress/runner/cypress_runner.js:10747:23)\n    at Promise._settlePromiseFromHandler (http://localhost:3000/__cypress/runner/cypress_runner.js:8682:31)\n    at Promise._settlePromise (http://localhost:3000/__cypress/runner/cypress_runner.js:8739:18)\n    at Promise._settlePromise0 (http://localhost:3000/__cypress/runner/cypress_runner.js:8784:10)\n    at Promise._settlePromises (http://localhost:3000/__cypress/runner/cypress_runner.js:8860:18)\n    at _drainQueueStep (http://localhost:3000/__cypress/runner/cypress_runner.js:5454:12)\n    at _drainQueue (http://localhost:3000/__cypress/runner/cypress_runner.js:5447:9)\n    at Async.../../node_modules/bluebird/js/release/async.js.Async._drainQueues (http://localhost:3000/__cypress/runner/cypress_runner.js:5463:5)\n    at Async.drainQueues (http://localhost:3000/__cypress/runner/cypress_runner.js:5333:14)\nFrom Your Spec Code:\n    at Context.eval (http://localhost:3000/__cypress/tests?p=cypress\\support\\index.js:203:40)",
                "diff": null
              },
              "uuid": "04d62e50-d792-4fda-acc3-7f95234473e4",
              "parentUUID": "6d588d14-5a6f-4fe4-832c-6148fbf81f6e",
              "isHook": false,
              "skipped": false
            },
            {
              "title": "View, create, delete clients and verify",
              "fullTitle": "Testsuite with PO View, create, delete clients and verify",
              "timedOut": null,
              "duration": 44873,
              "state": "passed",
              "speed": "slow",
              "pass": true,
              "fail": false,
              "pending": false,
              "context": null,
              "code": "dashboardPage.viewClients(\"Clients\");\ncy.log(\"View clients button was clicked, content confirmed\");\nclientsPage.viewClientNew(\"New Client\");\ncy.log(\"Create Client button was clicked, content confirmed\");\nclientNewPage.createClient(\"tester123\", \"tester123@mail.com\", \"0700000000\", \"Clients\");\ncy.log(\"Save button was clicked, content confirmed\");\nclientsPage.verifyLastClient(\"tester123\", \"tester123@mail.com\", \"0700000000\");\ncy.log(\"Veryfying last client created\");\nclientsPage.removeLastClient();\ncy.log(\"Removed last client from the list\");\nclientsPage.goBackToDashboard(\"Tester Hotel Overview\");\ncy.log(\"Back button was clicked, content confirmed\");",
              "err": {},
              "uuid": "690a25e0-4d1a-4004-ada1-1b3260578bee",
              "parentUUID": "6d588d14-5a6f-4fe4-832c-6148fbf81f6e",
              "isHook": false,
              "skipped": false
            },
            {
              "title": "View, create, delete bills and verify",
              "fullTitle": "Testsuite with PO View, create, delete bills and verify",
              "timedOut": null,
              "duration": 38742,
              "state": "passed",
              "speed": "slow",
              "pass": true,
              "fail": false,
              "pending": false,
              "context": null,
              "code": "dashboardPage.viewBills(\"Bills\");\ncy.log(\"View bills button was clicked, content confirmed\");\nbillsPage.viewBillNew(\"New Bill\");\ncy.log(\"Create Bill button was clicked, content confirmed\");\nbillNewPage.createBill(\"100\", \"Bills\");\ncy.log(\"Save button was clicked, content confirmed\");\nbillsPage.verifyLastBill(\"100\");\ncy.log(\"Veryfying last bill created\");\nbillsPage.removeLastBill();\ncy.log(\"Removed last bill from the list\");\nbillsPage.goBackToDashboard(\"Tester Hotel Overview\");\ncy.log(\"Back button was clicked, content confirmed\");",
              "err": {},
              "uuid": "c1794be6-ffe8-4cb6-98df-f9fb9adb29ee",
              "parentUUID": "6d588d14-5a6f-4fe4-832c-6148fbf81f6e",
              "isHook": false,
              "skipped": false
            }
          ],
          "suites": [],
          "passes": [
            "3c0b579c-a53f-41a3-9646-ce9cc909a9d2",
            "c1b192d8-0d15-4032-bfb5-a820655a602d",
            "690a25e0-4d1a-4004-ada1-1b3260578bee",
            "c1794be6-ffe8-4cb6-98df-f9fb9adb29ee"
          ],
          "failures": [
            "88a1050a-bf04-4ec6-af04-a9c2ceaced01",
            "04d62e50-d792-4fda-acc3-7f95234473e4"
          ],
          "pending": [],
          "skipped": [],
          "duration": 198337,
          "root": false,
          "rootEmpty": false,
          "_timeout": 2000
        }
      ],
      "passes": [],
      "failures": [],
      "pending": [],
      "skipped": [],
      "duration": 0,
      "root": true,
      "rootEmpty": true,
      "_timeout": 2000
    }
  ],
  "meta": {
    "mocha": {
      "version": "7.0.1"
    },
    "mochawesome": {
      "options": {
        "quiet": false,
        "reportFilename": "mochawesome",
        "saveHtml": true,
        "saveJson": true,
        "consoleReporter": "spec",
        "useInlineDiffs": false,
        "code": true
      },
      "version": "6.2.2"
    },
    "marge": {
      "options": {
        "reportDir": "cypress/report/mochawesome-report",
        "overwrite": false,
        "html": true,
        "json": true,
        "timestamp": "mmddyyyy_HHMMss"
      },
      "version": "5.2.0"
    }
  }
}